<?xml version="1.0" encoding="UTF-8"?>
<!-- Generated by org.testng.reporters.JUnitReportReporter -->
<testsuite skipped="0" hostname="DESKTOP-QL1AS75" name="test_RestApi.Put_Demo" tests="1" failures="0" timestamp="2020-04-19T14:45:01 IST" time="5.316" errors="0">
  <testcase name="test" time="5.316" classname="test_RestApi.Put_Demo"/>
  <system-out/>
</testsuite> <!-- test_RestApi.Put_Demo -->
