<?xml version="1.0" encoding="UTF-8"?>
<!-- Generated by org.testng.reporters.JUnitReportReporter -->
<testsuite skipped="0" hostname="DESKTOP-QL1AS75" name="CookieBasedAuthetication.Test_JIRA_Api" tests="1" failures="0" timestamp="2020-05-16T19:07:19 IST" time="27.517" errors="0">
  <testcase name="createSession" time="27.517" classname="CookieBasedAuthetication.Test_JIRA_Api"/>
  <system-out/>
</testsuite> <!-- CookieBasedAuthetication.Test_JIRA_Api -->
