<?xml version="1.0" encoding="UTF-8"?>
<!-- Generated by org.testng.reporters.JUnitReportReporter -->
<testsuite skipped="0" hostname="DESKTOP-QL1AS75" name="test_RestApi.ExtractJsonValue" tests="1" failures="0" timestamp="2020-04-19T14:44:23 IST" time="0.831" errors="0">
  <testcase name="test" time="0.831" classname="test_RestApi.ExtractJsonValue"/>
  <system-out/>
</testsuite> <!-- test_RestApi.ExtractJsonValue -->
