<?xml version="1.0" encoding="UTF-8"?>
<!-- Generated by org.testng.reporters.JUnitReportReporter -->
<testsuite skipped="0" hostname="DESKTOP-QL1AS75" name="POJO_Demo.Test_Student" tests="1" failures="0" timestamp="2020-05-18T16:37:49 IST" time="4.084" errors="0">
  <testcase name="testStudent" time="4.084" classname="POJO_Demo.Test_Student"/>
  <system-out/>
</testsuite> <!-- POJO_Demo.Test_Student -->
