<?xml version="1.0" encoding="UTF-8"?>
<!-- Generated by org.testng.reporters.JUnitReportReporter -->
<testsuite skipped="0" hostname="DESKTOP-QL1AS75" name="CookieBasedAuthetication.Test_JIRA2" tests="4" failures="0" timestamp="2020-05-17T01:55:09 IST" time="13.540" errors="0">
  <testcase name="createSession" time="6.418" classname="CookieBasedAuthetication.Test_JIRA2"/>
  <system-out/>
  <testcase name="createIssue" time="3.509" classname="CookieBasedAuthetication.Test_JIRA2"/>
  <system-out/>
  <testcase name="createAttachment" time="2.629" classname="CookieBasedAuthetication.Test_JIRA2"/>
  <system-out/>
  <testcase name="addComment" time="0.984" classname="CookieBasedAuthetication.Test_JIRA2"/>
  <system-out/>
</testsuite> <!-- CookieBasedAuthetication.Test_JIRA2 -->
