<?xml version="1.0" encoding="UTF-8"?>
<!-- Generated by org.testng.reporters.JUnitReportReporter -->
<testsuite skipped="0" hostname="DESKTOP-QL1AS75" name="CookieBasedAuthetication.Test_JIRA2" tests="5" failures="0" timestamp="2020-05-25T14:25:04 IST" time="4.635" errors="0">
  <testcase name="createSession" time="2.312" classname="CookieBasedAuthetication.Test_JIRA2"/>
  <system-out/>
  <testcase name="createIssue" time="0.255" classname="CookieBasedAuthetication.Test_JIRA2"/>
  <system-out/>
  <testcase name="createAttachment" time="1.407" classname="CookieBasedAuthetication.Test_JIRA2"/>
  <system-out/>
  <testcase name="addComment" time="0.440" classname="CookieBasedAuthetication.Test_JIRA2"/>
  <system-out/>
  <testcase name="getSpecificDelaitsFromTicket" time="0.221" classname="CookieBasedAuthetication.Test_JIRA2"/>
  <system-out/>
</testsuite> <!-- CookieBasedAuthetication.Test_JIRA2 -->
