<?xml version="1.0" encoding="UTF-8"?>
<!-- Generated by org.testng.reporters.JUnitReportReporter -->
<testsuite skipped="0" hostname="DESKTOP-QL1AS75" name="test_RestApi.SampleDummpGet" tests="1" failures="0" timestamp="2020-04-11T14:47:16 IST" time="7.835" errors="0">
  <testcase name="test" time="7.835" classname="test_RestApi.SampleDummpGet"/>
  <system-out/>
</testsuite> <!-- test_RestApi.SampleDummpGet -->
