<?xml version="1.0" encoding="UTF-8"?>
<!-- Generated by org.testng.reporters.JUnitReportReporter -->
<testsuite skipped="0" hostname="DESKTOP-QL1AS75" name="JsonDemo.TestLibrary" tests="1" failures="0" timestamp="2020-04-27T19:57:24 IST" time="4.636" errors="0">
  <testcase name="test" time="4.636" classname="JsonDemo.TestLibrary"/>
  <system-out/>
</testsuite> <!-- JsonDemo.TestLibrary -->
