<?xml version="1.0" encoding="UTF-8"?>
<!-- Generated by org.testng.reporters.JUnitReportReporter -->
<testsuite skipped="0" hostname="DESKTOP-QL1AS75" name="Java.FirstTest" tests="1" failures="0" timestamp="2020-04-24T13:12:08 IST" time="4.702" errors="0">
  <testcase name="firstTest" time="4.702" classname="Java.FirstTest"/>
  <system-out/>
</testsuite> <!-- Java.FirstTest -->
