<?xml version="1.0" encoding="UTF-8"?>
<!-- Generated by org.testng.reporters.JUnitReportReporter -->
<testsuite skipped="0" hostname="DESKTOP-QL1AS75" name="practice.TestServices" tests="1" failures="0" timestamp="2020-04-08T18:20:58 IST" time="3.889" errors="0">
  <testcase name="test" time="3.889" classname="practice.TestServices"/>
  <system-out/>
</testsuite> <!-- practice.TestServices -->
