<?xml version="1.0" encoding="UTF-8"?>
<!-- Generated by org.testng.reporters.JUnitReportReporter -->
<testsuite skipped="0" hostname="DESKTOP-QL1AS75" name="CookieBasedAuthetication.QueryParameterDemo" tests="1" failures="0" timestamp="2020-05-09T00:44:30 IST" time="8.690" errors="0">
  <testcase name="queryParam" time="8.690" classname="CookieBasedAuthetication.QueryParameterDemo"/>
  <system-out/>
</testsuite> <!-- CookieBasedAuthetication.QueryParameterDemo -->
