<?xml version="1.0" encoding="UTF-8"?>
<!-- Generated by org.testng.reporters.JUnitReportReporter -->
<testsuite skipped="0" hostname="DESKTOP-QL1AS75" name="JsonDemo.ReadJsonArray" tests="1" failures="0" timestamp="2020-04-25T15:59:33 IST" time="3.313" errors="0">
  <testcase name="readjson" time="3.313" classname="JsonDemo.ReadJsonArray"/>
  <system-out/>
</testsuite> <!-- JsonDemo.ReadJsonArray -->
