<?xml version="1.0" encoding="UTF-8"?>
<!-- Generated by org.testng.reporters.JUnitReportReporter -->
<testsuite skipped="0" hostname="DESKTOP-QL1AS75" name="POJO_Demo.Test_DmartList" tests="1" failures="0" timestamp="2020-05-23T16:55:17 IST" time="5.500" errors="0">
  <testcase name="testDmartList" time="5.500" classname="POJO_Demo.Test_DmartList"/>
  <system-out/>
</testsuite> <!-- POJO_Demo.Test_DmartList -->
