<?xml version="1.0" encoding="UTF-8"?>
<!-- Generated by org.testng.reporters.JUnitReportReporter -->
<testsuite skipped="0" hostname="DESKTOP-QL1AS75" name="POJO_Demo.TestAddBook" tests="1" failures="0" timestamp="2020-05-18T15:46:39 IST" time="3.814" errors="0">
  <testcase name="testBook" time="3.814" classname="POJO_Demo.TestAddBook"/>
  <system-out/>
</testsuite> <!-- POJO_Demo.TestAddBook -->
