<?xml version="1.0" encoding="UTF-8"?>
<!-- Generated by org.testng.reporters.JUnitReportReporter -->
<testsuite skipped="0" hostname="DESKTOP-QL1AS75" name="JsonDemo.TestLibrary3_R" tests="1" failures="0" timestamp="2020-05-03T00:39:27 IST" time="4.891" errors="0">
  <testcase name="test" time="4.891" classname="JsonDemo.TestLibrary3_R"/>
  <system-out/>
</testsuite> <!-- JsonDemo.TestLibrary3_R -->
