<?xml version="1.0" encoding="UTF-8"?>
<!-- Generated by org.testng.reporters.JUnitReportReporter -->
<testsuite skipped="0" hostname="DESKTOP-QL1AS75" name="Serilazation_De_InPOJO.Test_EmpDetails_UsingObject" tests="1" failures="0" timestamp="2020-05-30T17:04:04 IST" time="6.380" errors="0">
  <testcase name="testEmp" time="6.380" classname="Serilazation_De_InPOJO.Test_EmpDetails_UsingObject"/>
  <system-out/>
</testsuite> <!-- Serilazation_De_InPOJO.Test_EmpDetails_UsingObject -->
