<?xml version="1.0" encoding="UTF-8"?>
<!-- Generated by org.testng.reporters.JUnitReportReporter -->
<testsuite skipped="0" hostname="DESKTOP-QL1AS75" name="CookieBasedAuthetication.CookieBasedAuthentication" tests="4" failures="0" timestamp="2020-05-15T18:54:21 IST" time="10.232" errors="0">
  <testcase name="createIssue" time="7.978" classname="CookieBasedAuthetication.CookieBasedAuthentication"/>
  <system-out/>
  <testcase name="addCommentInExistingTicket" time="0.543" classname="CookieBasedAuthetication.CookieBasedAuthentication"/>
  <system-out/>
  <testcase name="addAttachments" time="1.382" classname="CookieBasedAuthetication.CookieBasedAuthentication"/>
  <system-out/>
  <testcase name="getSpecificDetailsFromTicket" time="0.329" classname="CookieBasedAuthetication.CookieBasedAuthentication"/>
  <system-out/>
</testsuite> <!-- CookieBasedAuthetication.CookieBasedAuthentication -->
