<?xml version="1.0" encoding="UTF-8"?>
<!-- Generated by org.testng.reporters.JUnitReportReporter -->
<testsuite skipped="0" hostname="DESKTOP-QL1AS75" name="Serilazation_De.Test_EmpDetails_UsingObject" tests="1" failures="0" timestamp="2020-05-25T12:51:18 IST" time="5.526" errors="0">
  <testcase name="testEmp" time="5.526" classname="Serilazation_De.Test_EmpDetails_UsingObject"/>
  <system-out/>
</testsuite> <!-- Serilazation_De.Test_EmpDetails_UsingObject -->
