<?xml version="1.0" encoding="UTF-8"?>
<!-- Generated by org.testng.reporters.JUnitReportReporter -->
<testsuite skipped="0" hostname="DESKTOP-QL1AS75" name="POJO_Demo.Test_Library" tests="1" failures="0" timestamp="2020-05-17T14:16:03 IST" time="9.884" errors="0">
  <testcase name="testLibrary" time="9.884" classname="POJO_Demo.Test_Library"/>
  <system-out/>
</testsuite> <!-- POJO_Demo.Test_Library -->
